[13-08-2019 20:07:07] |TestBase| |launchBrowser| |86| Browser selected is ********** Chrome **********
[13-08-2019 20:07:08] |TestBase| |launchBrowser| |97| Web Window is maximized
[13-08-2019 20:07:08] |TestBase| |launchBrowser| |102| Implicit Wait is Set to 20sec
[13-08-2019 20:07:14] |TestBase| |launchBrowser| |104| URL is Opened
[13-08-2019 20:07:14] |LoginPage_WMS| |<init>| |30| LoginPage_HCM is initialized
[13-08-2019 20:07:14] |LoginPage_WMS| |login| |36| UserName is entered
[13-08-2019 20:07:14] |LoginPage_WMS| |login| |38| Password is entered
[13-08-2019 20:07:42] |LoginPage_WMS| |login| |40| SignIn is Clicked
[13-08-2019 20:07:43] |Common_Library| |waitForElementToBeVisible| |274| WebElement exists
[13-08-2019 20:07:45] |HomePage_WMS| |clickOnWelcomePage_HomeIcon| |44| Clicked on HomeIcon in HomePage
[13-08-2019 20:07:50] |Common_Library| |waitForElementToBeVisible| |274| WebElement exists
[13-08-2019 20:07:52] |Common_Library| |enterDataInTextBox| |226| String value entered in TextBox is: IB LPNs
[13-08-2019 20:07:53] |HomePage_WMS| |searchAndSelectResponsibility| |97| Clicked on IB LPNs
[13-08-2019 20:07:53] |IBLPN| |<init>| |64| IB LPN is intialised
[13-08-2019 20:07:53] |Common_Library| |waitForElementToBeVisible| |274| WebElement exists
[13-08-2019 20:07:58] |Common_Library| |waitForElementToBeClickable| |248| WebElement exists and clickable
[13-08-2019 20:07:59] |Common_Library| |clickOnWebElement| |399| WebElement is clicked
[13-08-2019 20:08:00] |Common_Library| |waitForElementToBeVisible| |274| WebElement exists
[13-08-2019 20:08:01] |Common_Library| |enterDataInTextBox| |226| String value entered in TextBox is: ILPNHKA0000184980
[13-08-2019 20:08:04] |Common_Library| |waitForElementToBeClickable| |248| WebElement exists and clickable
[13-08-2019 20:08:05] |Common_Library| |clickOnWebElement| |399| WebElement is clicked
[13-08-2019 20:08:22] |Common_Library| |waitForElementToBeVisible| |274| WebElement exists
[13-08-2019 20:08:24] |Common_Library| |waitForElementToBeClickable| |248| WebElement exists and clickable
[13-08-2019 20:08:25] |Common_Library| |clickOnWebElement| |399| WebElement is clicked
[13-08-2019 20:08:25] |Common_Library| |waitForElementToBeVisible| |274| WebElement exists
[13-08-2019 20:08:26] |IBLPN| |SearchAndSelectLockCode| |77| Searched Scenario record exists
[13-08-2019 20:08:27] |Common_Library| |waitForElementToBeClickable| |248| WebElement exists and clickable
[13-08-2019 20:08:28] |Common_Library| |clickOnWebElement| |399| WebElement is clicked
[13-08-2019 20:09:18] |IBLPN| |SearchAndSelectLockCode| |86| Searched Scenario record does not exist
[13-08-2019 20:10:20] |Common_Library| |waitForElementToBeClickable| |254| TimeoutException Exception
[13-08-2019 20:10:20] |Common_Library| |waitForElementToBeVisible| |274| WebElement exists
[13-08-2019 20:10:21] |Common_Library| |waitForElementToBeClickable| |248| WebElement exists and clickable
[13-08-2019 20:10:22] |Common_Library| |clickOnWebElement| |399| WebElement is clicked
[13-08-2019 20:11:13] |IBLPN| |SearchAndSelectLockCode| |86| Searched Scenario record does not exist
[13-08-2019 20:11:13] |TestBase| |quitBrowser| |133| Browser will be Closed and Driver will be Quit !!
